<?xml version="1.0" encoding="UTF-8"?>
<!-- Generated by org.testng.reporters.JUnitXMLReporter -->
<testsuite ignored="4" hostname="WINDOWS-UNR7VLH" failures="0" tests="2" name="Test" time="0.206" errors="0" timestamp="2023-04-04T15:14:00 IST">
  <testcase classname="TestNGPrgms.Amazon" name="floginTest" time="0.05"/>
  <testcase classname="TestNGPrgms.flipKart" name="floginTest" time="0.011"/>
  <testcase classname="TestNGPrgms.Amazon" name="faddToCartTest" time="0.0">
    <ignored/>
  </testcase> <!-- faddToCartTest -->
  <testcase classname="TestNGPrgms.Amazon" name="fsearchProductTest" time="0.0">
    <ignored/>
  </testcase> <!-- fsearchProductTest -->
  <testcase classname="TestNGPrgms.flipKart" name="faddToCartTest" time="0.0">
    <ignored/>
  </testcase> <!-- faddToCartTest -->
  <testcase classname="TestNGPrgms.flipKart" name="fsearchProductTest" time="0.0">
    <ignored/>
  </testcase> <!-- fsearchProductTest -->
</testsuite> <!-- Test -->
